# JRE version: Java(TM) SE Runtime Environment (8.0_161-b12) (build 1.8.0_161-b12)
# Java VM: Java HotSpot(TM) 64-Bit Server VM (25.161-b12 mixed mode linux-amd64 compressed oops)
Heap:
 PSYoungGen      total 377344K, used 11100K [0x00000000e0000000, 0x00000000f9a00000, 0x0000000100000000)
  eden space 334848K, 0% used [0x00000000e0000000,0x00000000e0000000,0x00000000f4700000)
  from space 42496K, 26% used [0x00000000f4700000,0x00000000f51d71f8,0x00000000f7080000)
  to   space 36864K, 0% used [0x00000000f7600000,0x00000000f7600000,0x00000000f9a00000)
 ParOldGen       total 169984K, used 118149K [0x00000000a0000000, 0x00000000aa600000, 0x00000000e0000000)
  object space 169984K, 69% used [0x00000000a0000000,0x00000000a7361420,0x00000000aa600000)
 Metaspace       used 95503K, capacity 109366K, committed 109608K, reserved 1144832K
  class space    used 13065K, capacity 13775K, committed 13864K, reserved 1048576K
GC Heap History (10 events):
Event: 36,130 GC heap after
Heap after GC invocations=34 (full 6):
 PSYoungGen      total 298496K, used 928K [0x00000000e0000000, 0x00000000f5480000, 0x0000000100000000)
  eden space 254464K, 0% used [0x00000000e0000000,0x00000000e0000000,0x00000000ef880000)
  from space 44032K, 2% used [0x00000000f2980000,0x00000000f2a68000,0x00000000f5480000)
  to   space 47104K, 0% used [0x00000000ef880000,0x00000000ef880000,0x00000000f2680000)
 ParOldGen       total 169984K, used 114506K [0x00000000a0000000, 0x00000000aa600000, 0x00000000e0000000)
  object space 169984K, 67% used [0x00000000a0000000,0x00000000a6fd2a90,0x00000000aa600000)
 Metaspace       used 89451K, capacity 102968K, committed 103080K, reserved 1138688K
  class space    used 12468K, capacity 13140K, committed 13224K, reserved 1048576K
}
Event: 37,128 GC heap before
{Heap before GC invocations=35 (full 6):
 PSYoungGen      total 298496K, used 255392K [0x00000000e0000000, 0x00000000f5480000, 0x0000000100000000)
  eden space 254464K, 100% used [0x00000000e0000000,0x00000000ef880000,0x00000000ef880000)
  from space 44032K, 2% used [0x00000000f2980000,0x00000000f2a68000,0x00000000f5480000)
  to   space 47104K, 0% used [0x00000000ef880000,0x00000000ef880000,0x00000000f2680000)
 ParOldGen       total 169984K, used 114506K [0x00000000a0000000, 0x00000000aa600000, 0x00000000e0000000)
  object space 169984K, 67% used [0x00000000a0000000,0x00000000a6fd2a90,0x00000000aa600000)
 Metaspace       used 89632K, capacity 103160K, committed 103336K, reserved 1138688K
  class space    used 12468K, capacity 13140K, committed 13224K, reserved 1048576K
Event: 37,134 GC heap after
Heap after GC invocations=35 (full 6):
 PSYoungGen      total 301568K, used 4000K [0x00000000e0000000, 0x00000000f7d80000, 0x0000000100000000)
  eden space 254464K, 0% used [0x00000000e0000000,0x00000000e0000000,0x00000000ef880000)
  from space 47104K, 8% used [0x00000000ef880000,0x00000000efc68000,0x00000000f2680000)
  to   space 46080K, 0% used [0x00000000f5080000,0x00000000f5080000,0x00000000f7d80000)
 ParOldGen       total 169984K, used 115129K [0x00000000a0000000, 0x00000000aa600000, 0x00000000e0000000)
  object space 169984K, 67% used [0x00000000a0000000,0x00000000a706e6a0,0x00000000aa600000)
 Metaspace       used 89632K, capacity 103160K, committed 103336K, reserved 1138688K
  class space    used 12468K, capacity 13140K, committed 13224K, reserved 1048576K
}
Event: 37,698 GC heap before
{Heap before GC invocations=36 (full 6):
 PSYoungGen      total 301568K, used 258464K [0x00000000e0000000, 0x00000000f7d80000, 0x0000000100000000)
  eden space 254464K, 100% used [0x00000000e0000000,0x00000000ef880000,0x00000000ef880000)
  from space 47104K, 8% used [0x00000000ef880000,0x00000000efc68000,0x00000000f2680000)
  to   space 46080K, 0% used [0x00000000f5080000,0x00000000f5080000,0x00000000f7d80000)
 ParOldGen       total 169984K, used 115129K [0x00000000a0000000, 0x00000000aa600000, 0x00000000e0000000)
  object space 169984K, 67% used [0x00000000a0000000,0x00000000a706e6a0,0x00000000aa600000)
 Metaspace       used 89634K, capacity 103160K, committed 103336K, reserved 1138688K
  class space    used 12468K, capacity 13140K, committed 13224K, reserved 1048576K
Event: 37,706 GC heap after
Heap after GC invocations=36 (full 6):
 PSYoungGen      total 337408K, used 544K [0x00000000e0000000, 0x00000000f7980000, 0x0000000100000000)
  eden space 295424K, 0% used [0x00000000e0000000,0x00000000e0000000,0x00000000f2080000)
  from space 41984K, 1% used [0x00000000f5080000,0x00000000f5108000,0x00000000f7980000)
  to   space 45568K, 0% used [0x00000000f2080000,0x00000000f2080000,0x00000000f4d00000)
 ParOldGen       total 169984K, used 117597K [0x00000000a0000000, 0x00000000aa600000, 0x00000000e0000000)
  object space 169984K, 69% used [0x00000000a0000000,0x00000000a72d7420,0x00000000aa600000)
 Metaspace       used 89634K, capacity 103160K, committed 103336K, reserved 1138688K
  class space    used 12468K, capacity 13140K, committed 13224K, reserved 1048576K
}
Event: 38,189 GC heap before
{Heap before GC invocations=37 (full 6):
 PSYoungGen      total 337408K, used 295968K [0x00000000e0000000, 0x00000000f7980000, 0x0000000100000000)
  eden space 295424K, 100% used [0x00000000e0000000,0x00000000f2080000,0x00000000f2080000)
  from space 41984K, 1% used [0x00000000f5080000,0x00000000f5108000,0x00000000f7980000)
  to   space 45568K, 0% used [0x00000000f2080000,0x00000000f2080000,0x00000000f4d00000)
 ParOldGen       total 169984K, used 117597K [0x00000000a0000000, 0x00000000aa600000, 0x00000000e0000000)
  object space 169984K, 69% used [0x00000000a0000000,0x00000000a72d7420,0x00000000aa600000)
 Metaspace       used 89644K, capacity 103160K, committed 103336K, reserved 1138688K
  class space    used 12469K, capacity 13140K, committed 13224K, reserved 1048576K
Event: 38,193 GC heap after
Heap after GC invocations=37 (full 6):
 PSYoungGen      total 340992K, used 384K [0x00000000e0000000, 0x00000000fa180000, 0x0000000100000000)
  eden space 295424K, 0% used [0x00000000e0000000,0x00000000e0000000,0x00000000f2080000)
  from space 45568K, 0% used [0x00000000f2080000,0x00000000f20e0000,0x00000000f4d00000)
  to   space 44544K, 0% used [0x00000000f7600000,0x00000000f7600000,0x00000000fa180000)
 ParOldGen       total 169984K, used 117997K [0x00000000a0000000, 0x00000000aa600000, 0x00000000e0000000)
  object space 169984K, 69% used [0x00000000a0000000,0x00000000a733b420,0x00000000aa600000)
 Metaspace       used 89644K, capacity 103160K, committed 103336K, reserved 1138688K
  class space    used 12469K, capacity 13140K, committed 13224K, reserved 1048576K
}
Event: 38,995 GC heap before
{Heap before GC invocations=38 (full 6):
 PSYoungGen      total 340992K, used 295808K [0x00000000e0000000, 0x00000000fa180000, 0x0000000100000000)
  eden space 295424K, 100% used [0x00000000e0000000,0x00000000f2080000,0x00000000f2080000)
  from space 45568K, 0% used [0x00000000f2080000,0x00000000f20e0000,0x00000000f4d00000)
  to   space 44544K, 0% used [0x00000000f7600000,0x00000000f7600000,0x00000000fa180000)
 ParOldGen       total 169984K, used 117997K [0x00000000a0000000, 0x00000000aa600000, 0x00000000e0000000)
  object space 169984K, 69% used [0x00000000a0000000,0x00000000a733b420,0x00000000aa600000)
 Metaspace       used 90130K, capacity 103652K, committed 103976K, reserved 1140736K
  class space    used 12526K, capacity 13233K, committed 13352K, reserved 1048576K
Event: 39,003 GC heap after
Heap after GC invocations=38 (full 6):
 PSYoungGen      total 371712K, used 4850K [0x00000000e0000000, 0x00000000f9a00000, 0x0000000100000000)
  eden space 334848K, 0% used [0x00000000e0000000,0x00000000e0000000,0x00000000f4700000)
  from space 36864K, 13% used [0x00000000f7600000,0x00000000f7abc828,0x00000000f9a00000)
  to   space 42496K, 0% used [0x00000000f4700000,0x00000000f4700000,0x00000000f7080000)
 ParOldGen       total 169984K, used 118133K [0x00000000a0000000, 0x00000000aa600000, 0x00000000e0000000)
  object space 169984K, 69% used [0x00000000a0000000,0x00000000a735d420,0x00000000aa600000)
 Metaspace       used 90130K, capacity 103652K, committed 103976K, reserved 1140736K
  class space    used 12526K, capacity 13233K, committed 13352K, reserved 1048576K
}
Event: 63,610 GC heap before
{Heap before GC invocations=39 (full 6):
 PSYoungGen      total 371712K, used 339698K [0x00000000e0000000, 0x00000000f9a00000, 0x0000000100000000)
  eden space 334848K, 100% used [0x00000000e0000000,0x00000000f4700000,0x00000000f4700000)
  from space 36864K, 13% used [0x00000000f7600000,0x00000000f7abc828,0x00000000f9a00000)
  to   space 42496K, 0% used [0x00000000f4700000,0x00000000f4700000,0x00000000f7080000)
 ParOldGen       total 169984K, used 118133K [0x00000000a0000000, 0x00000000aa600000, 0x00000000e0000000)
  object space 169984K, 69% used [0x00000000a0000000,0x00000000a735d420,0x00000000aa600000)
 Metaspace       used 95503K, capacity 109366K, committed 109608K, reserved 1144832K
  class space    used 13065K, capacity 13775K, committed 13864K, reserved 1048576K

