# JRE version: Java(TM) SE Runtime Environment (8.0_161-b12) (build 1.8.0_161-b12)
# Java VM: Java HotSpot(TM) 64-Bit Server VM (25.161-b12 mixed mode linux-amd64 compressed oops)
Heap:
 PSYoungGen      total 342528K, used 20272K [0x00000000e0000000, 0x00000000f7400000, 0x0000000100000000)
  eden space 304128K, 0% used [0x00000000e0000000,0x00000000e0000000,0x00000000f2900000)
  from space 38400K, 52% used [0x00000000f2900000,0x00000000f3ccc0d8,0x00000000f4e80000)
  to   space 37888K, 0% used [0x00000000f4f00000,0x00000000f4f00000,0x00000000f7400000)
 ParOldGen       total 198656K, used 105649K [0x00000000a0000000, 0x00000000ac200000, 0x00000000e0000000)
  object space 198656K, 53% used [0x00000000a0000000,0x00000000a672c700,0x00000000ac200000)
 Metaspace       used 96727K, capacity 110770K, committed 110976K, reserved 1146880K
  class space    used 13185K, capacity 13878K, committed 13952K, reserved 1048576K
GC Heap History (10 events):
Event: 63,198 GC heap after
Heap after GC invocations=39 (full 7):
 PSYoungGen      total 283648K, used 20266K [0x00000000e0000000, 0x00000000f4500000, 0x0000000100000000)
  eden space 242688K, 0% used [0x00000000e0000000,0x00000000e0000000,0x00000000eed00000)
  from space 40960K, 49% used [0x00000000f1d00000,0x00000000f30ca9d0,0x00000000f4500000)
  to   space 45056K, 0% used [0x00000000eed00000,0x00000000eed00000,0x00000000f1900000)
 ParOldGen       total 198656K, used 105625K [0x00000000a0000000, 0x00000000ac200000, 0x00000000e0000000)
  object space 198656K, 53% used [0x00000000a0000000,0x00000000a6726700,0x00000000ac200000)
 Metaspace       used 96691K, capacity 110642K, committed 110720K, reserved 1146880K
  class space    used 13185K, capacity 13878K, committed 13952K, reserved 1048576K
}
Event: 63,846 GC heap before
{Heap before GC invocations=40 (full 7):
 PSYoungGen      total 283648K, used 262954K [0x00000000e0000000, 0x00000000f4500000, 0x0000000100000000)
  eden space 242688K, 100% used [0x00000000e0000000,0x00000000eed00000,0x00000000eed00000)
  from space 40960K, 49% used [0x00000000f1d00000,0x00000000f30ca9d0,0x00000000f4500000)
  to   space 45056K, 0% used [0x00000000eed00000,0x00000000eed00000,0x00000000f1900000)
 ParOldGen       total 198656K, used 105625K [0x00000000a0000000, 0x00000000ac200000, 0x00000000e0000000)
  object space 198656K, 53% used [0x00000000a0000000,0x00000000a6726700,0x00000000ac200000)
 Metaspace       used 96695K, capacity 110642K, committed 110720K, reserved 1146880K
  class space    used 13185K, capacity 13878K, committed 13952K, reserved 1048576K
Event: 63,873 GC heap after
Heap after GC invocations=40 (full 7):
 PSYoungGen      total 287744K, used 19613K [0x00000000e0000000, 0x00000000f5980000, 0x0000000100000000)
  eden space 242688K, 0% used [0x00000000e0000000,0x00000000e0000000,0x00000000eed00000)
  from space 45056K, 43% used [0x00000000eed00000,0x00000000f00277e0,0x00000000f1900000)
  to   space 43008K, 0% used [0x00000000f2f80000,0x00000000f2f80000,0x00000000f5980000)
 ParOldGen       total 198656K, used 105633K [0x00000000a0000000, 0x00000000ac200000, 0x00000000e0000000)
  object space 198656K, 53% used [0x00000000a0000000,0x00000000a6728700,0x00000000ac200000)
 Metaspace       used 96695K, capacity 110642K, committed 110720K, reserved 1146880K
  class space    used 13185K, capacity 13878K, committed 13952K, reserved 1048576K
}
Event: 64,612 GC heap before
{Heap before GC invocations=41 (full 7):
 PSYoungGen      total 287744K, used 262301K [0x00000000e0000000, 0x00000000f5980000, 0x0000000100000000)
  eden space 242688K, 100% used [0x00000000e0000000,0x00000000eed00000,0x00000000eed00000)
  from space 45056K, 43% used [0x00000000eed00000,0x00000000f00277e0,0x00000000f1900000)
  to   space 43008K, 0% used [0x00000000f2f80000,0x00000000f2f80000,0x00000000f5980000)
 ParOldGen       total 198656K, used 105633K [0x00000000a0000000, 0x00000000ac200000, 0x00000000e0000000)
  object space 198656K, 53% used [0x00000000a0000000,0x00000000a6728700,0x00000000ac200000)
 Metaspace       used 96727K, capacity 110770K, committed 110976K, reserved 1146880K
  class space    used 13185K, capacity 13878K, committed 13952K, reserved 1048576K
Event: 64,637 GC heap after
Heap after GC invocations=41 (full 7):
 PSYoungGen      total 308736K, used 19725K [0x00000000e0000000, 0x00000000f5700000, 0x0000000100000000)
  eden space 268288K, 0% used [0x00000000e0000000,0x00000000e0000000,0x00000000f0600000)
  from space 40448K, 48% used [0x00000000f2f80000,0x00000000f42c37f0,0x00000000f5700000)
  to   space 41472K, 0% used [0x00000000f0600000,0x00000000f0600000,0x00000000f2e80000)
 ParOldGen       total 198656K, used 105641K [0x00000000a0000000, 0x00000000ac200000, 0x00000000e0000000)
  object space 198656K, 53% used [0x00000000a0000000,0x00000000a672a700,0x00000000ac200000)
 Metaspace       used 96727K, capacity 110770K, committed 110976K, reserved 1146880K
  class space    used 13185K, capacity 13878K, committed 13952K, reserved 1048576K
}
Event: 65,328 GC heap before
{Heap before GC invocations=42 (full 7):
 PSYoungGen      total 308736K, used 288013K [0x00000000e0000000, 0x00000000f5700000, 0x0000000100000000)
  eden space 268288K, 100% used [0x00000000e0000000,0x00000000f0600000,0x00000000f0600000)
  from space 40448K, 48% used [0x00000000f2f80000,0x00000000f42c37f0,0x00000000f5700000)
  to   space 41472K, 0% used [0x00000000f0600000,0x00000000f0600000,0x00000000f2e80000)
 ParOldGen       total 198656K, used 105641K [0x00000000a0000000, 0x00000000ac200000, 0x00000000e0000000)
  object space 198656K, 53% used [0x00000000a0000000,0x00000000a672a700,0x00000000ac200000)
 Metaspace       used 96727K, capacity 110770K, committed 110976K, reserved 1146880K
  class space    used 13185K, capacity 13878K, committed 13952K, reserved 1048576K
Event: 65,499 GC heap after
Heap after GC invocations=42 (full 7):
 PSYoungGen      total 309760K, used 20045K [0x00000000e0000000, 0x00000000f7580000, 0x0000000100000000)
  eden space 268288K, 0% used [0x00000000e0000000,0x00000000e0000000,0x00000000f0600000)
  from space 41472K, 48% used [0x00000000f0600000,0x00000000f19937d0,0x00000000f2e80000)
  to   space 39424K, 0% used [0x00000000f4f00000,0x00000000f4f00000,0x00000000f7580000)
 ParOldGen       total 198656K, used 105649K [0x00000000a0000000, 0x00000000ac200000, 0x00000000e0000000)
  object space 198656K, 53% used [0x00000000a0000000,0x00000000a672c700,0x00000000ac200000)
 Metaspace       used 96727K, capacity 110770K, committed 110976K, reserved 1146880K
  class space    used 13185K, capacity 13878K, committed 13952K, reserved 1048576K
}
Event: 66,347 GC heap before
{Heap before GC invocations=43 (full 7):
 PSYoungGen      total 309760K, used 288333K [0x00000000e0000000, 0x00000000f7580000, 0x0000000100000000)
  eden space 268288K, 100% used [0x00000000e0000000,0x00000000f0600000,0x00000000f0600000)
  from space 41472K, 48% used [0x00000000f0600000,0x00000000f19937d0,0x00000000f2e80000)
  to   space 39424K, 0% used [0x00000000f4f00000,0x00000000f4f00000,0x00000000f7580000)
 ParOldGen       total 198656K, used 105649K [0x00000000a0000000, 0x00000000ac200000, 0x00000000e0000000)
  object space 198656K, 53% used [0x00000000a0000000,0x00000000a672c700,0x00000000ac200000)
 Metaspace       used 96727K, capacity 110770K, committed 110976K, reserved 1146880K
  class space    used 13185K, capacity 13878K, committed 13952K, reserved 1048576K
Event: 66,478 GC heap after
Heap after GC invocations=43 (full 7):
 PSYoungGen      total 342016K, used 20269K [0x00000000e0000000, 0x00000000f7400000, 0x0000000100000000)
  eden space 304128K, 0% used [0x00000000e0000000,0x00000000e0000000,0x00000000f2900000)
  from space 37888K, 53% used [0x00000000f4f00000,0x00000000f62cb590,0x00000000f7400000)
  to   space 38400K, 0% used [0x00000000f2900000,0x00000000f2900000,0x00000000f4e80000)
 ParOldGen       total 198656K, used 105649K [0x00000000a0000000, 0x00000000ac200000, 0x00000000e0000000)
  object space 198656K, 53% used [0x00000000a0000000,0x00000000a672c700,0x00000000ac200000)
 Metaspace       used 96727K, capacity 110770K, committed 110976K, reserved 1146880K
  class space    used 13185K, capacity 13878K, committed 13952K, reserved 1048576K
}
Event: 69,557 GC heap before
{Heap before GC invocations=44 (full 7):
 PSYoungGen      total 342016K, used 324397K [0x00000000e0000000, 0x00000000f7400000, 0x0000000100000000)
  eden space 304128K, 100% used [0x00000000e0000000,0x00000000f2900000,0x00000000f2900000)
  from space 37888K, 53% used [0x00000000f4f00000,0x00000000f62cb590,0x00000000f7400000)
  to   space 38400K, 0% used [0x00000000f2900000,0x00000000f2900000,0x00000000f4e80000)
 ParOldGen       total 198656K, used 105649K [0x00000000a0000000, 0x00000000ac200000, 0x00000000e0000000)
  object space 198656K, 53% used [0x00000000a0000000,0x00000000a672c700,0x00000000ac200000)
 Metaspace       used 96727K, capacity 110770K, committed 110976K, reserved 1146880K
  class space    used 13185K, capacity 13878K, committed 13952K, reserved 1048576K

