# JRE version: Java(TM) SE Runtime Environment (8.0_161-b12) (build 1.8.0_161-b12)
# Java VM: Java HotSpot(TM) 64-Bit Server VM (25.161-b12 mixed mode linux-amd64 compressed oops)
Heap:
 PSYoungGen      total 318976K, used 29669K [0x00000000e0000000, 0x00000000f5480000, 0x0000000100000000)
  eden space 289280K, 0% used [0x00000000e0000000,0x00000000e0000000,0x00000000f1a80000)
  from space 29696K, 99% used [0x00000000f1a80000,0x00000000f3779730,0x00000000f3780000)
  to   space 29696K, 0% used [0x00000000f3780000,0x00000000f3780000,0x00000000f5480000)
 ParOldGen       total 111104K, used 62745K [0x00000000a0000000, 0x00000000a6c80000, 0x00000000e0000000)
  object space 111104K, 56% used [0x00000000a0000000,0x00000000a3d466d8,0x00000000a6c80000)
 Metaspace       used 81807K, capacity 92700K, committed 92968K, reserved 1130496K
  class space    used 11229K, capacity 11789K, committed 11816K, reserved 1048576K
GC Heap History (10 events):
Event: 39,916 GC heap after
Heap after GC invocations=38 (full 6):
 PSYoungGen      total 316928K, used 5072K [0x00000000e0000000, 0x00000000f5780000, 0x0000000100000000)
  eden space 289280K, 0% used [0x00000000e0000000,0x00000000e0000000,0x00000000f1a80000)
  from space 27648K, 18% used [0x00000000f3c80000,0x00000000f4174080,0x00000000f5780000)
  to   space 31232K, 0% used [0x00000000f1a80000,0x00000000f1a80000,0x00000000f3900000)
 ParOldGen       total 111104K, used 62790K [0x00000000a0000000, 0x00000000a6c80000, 0x00000000e0000000)
  object space 111104K, 56% used [0x00000000a0000000,0x00000000a3d51aa8,0x00000000a6c80000)
 Metaspace       used 70582K, capacity 78372K, committed 78760K, reserved 1118208K
  class space    used 9619K, capacity 10057K, committed 10152K, reserved 1048576K
}
Event: 100,802 GC heap before
{Heap before GC invocations=39 (full 6):
 PSYoungGen      total 316928K, used 178975K [0x00000000e0000000, 0x00000000f5780000, 0x0000000100000000)
  eden space 289280K, 60% used [0x00000000e0000000,0x00000000ea9d3d98,0x00000000f1a80000)
  from space 27648K, 18% used [0x00000000f3c80000,0x00000000f4174080,0x00000000f5780000)
  to   space 31232K, 0% used [0x00000000f1a80000,0x00000000f1a80000,0x00000000f3900000)
 ParOldGen       total 111104K, used 62790K [0x00000000a0000000, 0x00000000a6c80000, 0x00000000e0000000)
  object space 111104K, 56% used [0x00000000a0000000,0x00000000a3d51aa8,0x00000000a6c80000)
 Metaspace       used 70820K, capacity 78652K, committed 78760K, reserved 1118208K
  class space    used 9645K, capacity 10083K, committed 10152K, reserved 1048576K
Event: 100,980 GC heap after
Heap after GC invocations=39 (full 6):
 PSYoungGen      total 300032K, used 10432K [0x00000000e0000000, 0x00000000f5480000, 0x0000000100000000)
  eden space 289280K, 0% used [0x00000000e0000000,0x00000000e0000000,0x00000000f1a80000)
  from space 10752K, 97% used [0x00000000f1a80000,0x00000000f24b0080,0x00000000f2500000)
  to   space 29696K, 0% used [0x00000000f3780000,0x00000000f3780000,0x00000000f5480000)
 ParOldGen       total 111104K, used 62798K [0x00000000a0000000, 0x00000000a6c80000, 0x00000000e0000000)
  object space 111104K, 56% used [0x00000000a0000000,0x00000000a3d53aa8,0x00000000a6c80000)
 Metaspace       used 70820K, capacity 78652K, committed 78760K, reserved 1118208K
  class space    used 9645K, capacity 10083K, committed 10152K, reserved 1048576K
}
Event: 100,980 GC heap before
{Heap before GC invocations=40 (full 7):
 PSYoungGen      total 300032K, used 10432K [0x00000000e0000000, 0x00000000f5480000, 0x0000000100000000)
  eden space 289280K, 0% used [0x00000000e0000000,0x00000000e0000000,0x00000000f1a80000)
  from space 10752K, 97% used [0x00000000f1a80000,0x00000000f24b0080,0x00000000f2500000)
  to   space 29696K, 0% used [0x00000000f3780000,0x00000000f3780000,0x00000000f5480000)
 ParOldGen       total 111104K, used 62798K [0x00000000a0000000, 0x00000000a6c80000, 0x00000000e0000000)
  object space 111104K, 56% used [0x00000000a0000000,0x00000000a3d53aa8,0x00000000a6c80000)
 Metaspace       used 70820K, capacity 78652K, committed 78760K, reserved 1118208K
  class space    used 9645K, capacity 10083K, committed 10152K, reserved 1048576K
Event: 102,085 GC heap after
Heap after GC invocations=40 (full 7):
 PSYoungGen      total 300032K, used 0K [0x00000000e0000000, 0x00000000f5480000, 0x0000000100000000)
  eden space 289280K, 0% used [0x00000000e0000000,0x00000000e0000000,0x00000000f1a80000)
  from space 10752K, 0% used [0x00000000f1a80000,0x00000000f1a80000,0x00000000f2500000)
  to   space 29696K, 0% used [0x00000000f3780000,0x00000000f3780000,0x00000000f5480000)
 ParOldGen       total 111104K, used 49342K [0x00000000a0000000, 0x00000000a6c80000, 0x00000000e0000000)
  object space 111104K, 44% used [0x00000000a0000000,0x00000000a302fb18,0x00000000a6c80000)
 Metaspace       used 70820K, capacity 78652K, committed 78760K, reserved 1118208K
  class space    used 9645K, capacity 10083K, committed 10152K, reserved 1048576K
}
Event: 102,163 GC heap before
{Heap before GC invocations=41 (full 7):
 PSYoungGen      total 300032K, used 3202K [0x00000000e0000000, 0x00000000f5480000, 0x0000000100000000)
  eden space 289280K, 1% used [0x00000000e0000000,0x00000000e03209e0,0x00000000f1a80000)
  from space 10752K, 0% used [0x00000000f1a80000,0x00000000f1a80000,0x00000000f2500000)
  to   space 29696K, 0% used [0x00000000f3780000,0x00000000f3780000,0x00000000f5480000)
 ParOldGen       total 111104K, used 49342K [0x00000000a0000000, 0x00000000a6c80000, 0x00000000e0000000)
  object space 111104K, 44% used [0x00000000a0000000,0x00000000a302fb18,0x00000000a6c80000)
 Metaspace       used 70820K, capacity 78652K, committed 78760K, reserved 1118208K
  class space    used 9645K, capacity 10083K, committed 10152K, reserved 1048576K
Event: 102,174 GC heap after
Heap after GC invocations=41 (full 7):
 PSYoungGen      total 318976K, used 96K [0x00000000e0000000, 0x00000000f5480000, 0x0000000100000000)
  eden space 289280K, 0% used [0x00000000e0000000,0x00000000e0000000,0x00000000f1a80000)
  from space 29696K, 0% used [0x00000000f3780000,0x00000000f3798000,0x00000000f5480000)
  to   space 29696K, 0% used [0x00000000f1a80000,0x00000000f1a80000,0x00000000f3780000)
 ParOldGen       total 111104K, used 49342K [0x00000000a0000000, 0x00000000a6c80000, 0x00000000e0000000)
  object space 111104K, 44% used [0x00000000a0000000,0x00000000a302fb18,0x00000000a6c80000)
 Metaspace       used 70820K, capacity 78652K, committed 78760K, reserved 1118208K
  class space    used 9645K, capacity 10083K, committed 10152K, reserved 1048576K
}
Event: 102,174 GC heap before
{Heap before GC invocations=42 (full 8):
 PSYoungGen      total 318976K, used 96K [0x00000000e0000000, 0x00000000f5480000, 0x0000000100000000)
  eden space 289280K, 0% used [0x00000000e0000000,0x00000000e0000000,0x00000000f1a80000)
  from space 29696K, 0% used [0x00000000f3780000,0x00000000f3798000,0x00000000f5480000)
  to   space 29696K, 0% used [0x00000000f1a80000,0x00000000f1a80000,0x00000000f3780000)
 ParOldGen       total 111104K, used 49342K [0x00000000a0000000, 0x00000000a6c80000, 0x00000000e0000000)
  object space 111104K, 44% used [0x00000000a0000000,0x00000000a302fb18,0x00000000a6c80000)
 Metaspace       used 70820K, capacity 78652K, committed 78760K, reserved 1118208K
  class space    used 9645K, capacity 10083K, committed 10152K, reserved 1048576K
Event: 102,397 GC heap after
Heap after GC invocations=42 (full 8):
 PSYoungGen      total 318976K, used 0K [0x00000000e0000000, 0x00000000f5480000, 0x0000000100000000)
  eden space 289280K, 0% used [0x00000000e0000000,0x00000000e0000000,0x00000000f1a80000)
  from space 29696K, 0% used [0x00000000f3780000,0x00000000f3780000,0x00000000f5480000)
  to   space 29696K, 0% used [0x00000000f1a80000,0x00000000f1a80000,0x00000000f3780000)
 ParOldGen       total 111104K, used 48953K [0x00000000a0000000, 0x00000000a6c80000, 0x00000000e0000000)
  object space 111104K, 44% used [0x00000000a0000000,0x00000000a2fce620,0x00000000a6c80000)
 Metaspace       used 70820K, capacity 78652K, committed 78760K, reserved 1118208K
  class space    used 9645K, capacity 10083K, committed 10152K, reserved 1048576K
}
Event: 113,550 GC heap before
{Heap before GC invocations=43 (full 8):
 PSYoungGen      total 318976K, used 289280K [0x00000000e0000000, 0x00000000f5480000, 0x0000000100000000)
  eden space 289280K, 100% used [0x00000000e0000000,0x00000000f1a80000,0x00000000f1a80000)
  from space 29696K, 0% used [0x00000000f3780000,0x00000000f3780000,0x00000000f5480000)
  to   space 29696K, 0% used [0x00000000f1a80000,0x00000000f1a80000,0x00000000f3780000)
 ParOldGen       total 111104K, used 48953K [0x00000000a0000000, 0x00000000a6c80000, 0x00000000e0000000)
  object space 111104K, 44% used [0x00000000a0000000,0x00000000a2fce620,0x00000000a6c80000)
 Metaspace       used 81807K, capacity 92700K, committed 92968K, reserved 1130496K
  class space    used 11229K, capacity 11789K, committed 11816K, reserved 1048576K

