# JRE version: Java(TM) SE Runtime Environment (8.0_161-b12) (build 1.8.0_161-b12)
# Java VM: Java HotSpot(TM) 64-Bit Server VM (25.161-b12 mixed mode linux-amd64 compressed oops)
Heap:
 PSYoungGen      total 129024K, used 5952K [0x00000000e0000000, 0x00000000e8a80000, 0x0000000100000000)
  eden space 116224K, 0% used [0x00000000e0000000,0x00000000e0000000,0x00000000e7180000)
  from space 12800K, 46% used [0x00000000e7180000,0x00000000e7750020,0x00000000e7e00000)
  to   space 10752K, 0% used [0x00000000e8000000,0x00000000e8000000,0x00000000e8a80000)
 ParOldGen       total 81408K, used 38909K [0x00000000a0000000, 0x00000000a4f80000, 0x00000000e0000000)
  object space 81408K, 47% used [0x00000000a0000000,0x00000000a25ff750,0x00000000a4f80000)
 Metaspace       used 65921K, capacity 72910K, committed 73216K, reserved 1114112K
  class space    used 9002K, capacity 9370K, committed 9472K, reserved 1048576K
GC Heap History (10 events):
Event: 39,176 GC heap after
Heap after GC invocations=15 (full 3):
 PSYoungGen      total 82944K, used 0K [0x00000000e0000000, 0x00000000e5f80000, 0x0000000100000000)
  eden space 71168K, 0% used [0x00000000e0000000,0x00000000e0000000,0x00000000e4580000)
  from space 11776K, 0% used [0x00000000e5400000,0x00000000e5400000,0x00000000e5f80000)
  to   space 13312K, 0% used [0x00000000e4580000,0x00000000e4580000,0x00000000e5280000)
 ParOldGen       total 81408K, used 33514K [0x00000000a0000000, 0x00000000a4f80000, 0x00000000e0000000)
  object space 81408K, 41% used [0x00000000a0000000,0x00000000a20ba998,0x00000000a4f80000)
 Metaspace       used 54046K, capacity 59038K, committed 59136K, reserved 1101824K
  class space    used 7368K, capacity 7671K, committed 7680K, reserved 1048576K
}
Event: 43,826 GC heap before
{Heap before GC invocations=16 (full 3):
 PSYoungGen      total 82944K, used 71168K [0x00000000e0000000, 0x00000000e5f80000, 0x0000000100000000)
  eden space 71168K, 100% used [0x00000000e0000000,0x00000000e4580000,0x00000000e4580000)
  from space 11776K, 0% used [0x00000000e5400000,0x00000000e5400000,0x00000000e5f80000)
  to   space 13312K, 0% used [0x00000000e4580000,0x00000000e4580000,0x00000000e5280000)
 ParOldGen       total 81408K, used 33514K [0x00000000a0000000, 0x00000000a4f80000, 0x00000000e0000000)
  object space 81408K, 41% used [0x00000000a0000000,0x00000000a20ba998,0x00000000a4f80000)
 Metaspace       used 57393K, capacity 63830K, committed 64000K, reserved 1105920K
  class space    used 8057K, capacity 8377K, committed 8448K, reserved 1048576K
Event: 43,856 GC heap after
Heap after GC invocations=16 (full 3):
 PSYoungGen      total 84480K, used 3849K [0x00000000e0000000, 0x00000000e7680000, 0x0000000100000000)
  eden space 71168K, 0% used [0x00000000e0000000,0x00000000e0000000,0x00000000e4580000)
  from space 13312K, 28% used [0x00000000e4580000,0x00000000e49424b0,0x00000000e5280000)
  to   space 13312K, 0% used [0x00000000e6980000,0x00000000e6980000,0x00000000e7680000)
 ParOldGen       total 81408K, used 33522K [0x00000000a0000000, 0x00000000a4f80000, 0x00000000e0000000)
  object space 81408K, 41% used [0x00000000a0000000,0x00000000a20bc998,0x00000000a4f80000)
 Metaspace       used 57393K, capacity 63830K, committed 64000K, reserved 1105920K
  class space    used 8057K, capacity 8377K, committed 8448K, reserved 1048576K
}
Event: 47,044 GC heap before
{Heap before GC invocations=17 (full 3):
 PSYoungGen      total 84480K, used 75017K [0x00000000e0000000, 0x00000000e7680000, 0x0000000100000000)
  eden space 71168K, 100% used [0x00000000e0000000,0x00000000e4580000,0x00000000e4580000)
  from space 13312K, 28% used [0x00000000e4580000,0x00000000e49424b0,0x00000000e5280000)
  to   space 13312K, 0% used [0x00000000e6980000,0x00000000e6980000,0x00000000e7680000)
 ParOldGen       total 81408K, used 33522K [0x00000000a0000000, 0x00000000a4f80000, 0x00000000e0000000)
  object space 81408K, 41% used [0x00000000a0000000,0x00000000a20bc998,0x00000000a4f80000)
 Metaspace       used 59701K, capacity 66410K, committed 66560K, reserved 1107968K
  class space    used 8351K, capacity 8694K, committed 8704K, reserved 1048576K
Event: 47,073 GC heap after
Heap after GC invocations=17 (full 3):
 PSYoungGen      total 104960K, used 9755K [0x00000000e0000000, 0x00000000e7580000, 0x0000000100000000)
  eden space 92672K, 0% used [0x00000000e0000000,0x00000000e0000000,0x00000000e5a80000)
  from space 12288K, 79% used [0x00000000e6980000,0x00000000e7306e00,0x00000000e7580000)
  to   space 13824K, 0% used [0x00000000e5a80000,0x00000000e5a80000,0x00000000e6800000)
 ParOldGen       total 81408K, used 36101K [0x00000000a0000000, 0x00000000a4f80000, 0x00000000e0000000)
  object space 81408K, 44% used [0x00000000a0000000,0x00000000a2341730,0x00000000a4f80000)
 Metaspace       used 59701K, capacity 66410K, committed 66560K, reserved 1107968K
  class space    used 8351K, capacity 8694K, committed 8704K, reserved 1048576K
}
Event: 51,706 GC heap before
{Heap before GC invocations=18 (full 3):
 PSYoungGen      total 104960K, used 102427K [0x00000000e0000000, 0x00000000e7580000, 0x0000000100000000)
  eden space 92672K, 100% used [0x00000000e0000000,0x00000000e5a80000,0x00000000e5a80000)
  from space 12288K, 79% used [0x00000000e6980000,0x00000000e7306e00,0x00000000e7580000)
  to   space 13824K, 0% used [0x00000000e5a80000,0x00000000e5a80000,0x00000000e6800000)
 ParOldGen       total 81408K, used 36101K [0x00000000a0000000, 0x00000000a4f80000, 0x00000000e0000000)
  object space 81408K, 44% used [0x00000000a0000000,0x00000000a2341730,0x00000000a4f80000)
 Metaspace       used 65497K, capacity 72526K, committed 72704K, reserved 1112064K
  class space    used 9000K, capacity 9370K, committed 9472K, reserved 1048576K
Event: 51,734 GC heap after
Heap after GC invocations=18 (full 3):
 PSYoungGen      total 106496K, used 5269K [0x00000000e0000000, 0x00000000e8d00000, 0x0000000100000000)
  eden space 92672K, 0% used [0x00000000e0000000,0x00000000e0000000,0x00000000e5a80000)
  from space 13824K, 38% used [0x00000000e5a80000,0x00000000e5fa5410,0x00000000e6800000)
  to   space 13312K, 0% used [0x00000000e8000000,0x00000000e8000000,0x00000000e8d00000)
 ParOldGen       total 81408K, used 38885K [0x00000000a0000000, 0x00000000a4f80000, 0x00000000e0000000)
  object space 81408K, 47% used [0x00000000a0000000,0x00000000a25f9750,0x00000000a4f80000)
 Metaspace       used 65497K, capacity 72526K, committed 72704K, reserved 1112064K
  class space    used 9000K, capacity 9370K, committed 9472K, reserved 1048576K
}
Event: 53,706 GC heap before
{Heap before GC invocations=19 (full 3):
 PSYoungGen      total 106496K, used 97941K [0x00000000e0000000, 0x00000000e8d00000, 0x0000000100000000)
  eden space 92672K, 100% used [0x00000000e0000000,0x00000000e5a80000,0x00000000e5a80000)
  from space 13824K, 38% used [0x00000000e5a80000,0x00000000e5fa5410,0x00000000e6800000)
  to   space 13312K, 0% used [0x00000000e8000000,0x00000000e8000000,0x00000000e8d00000)
 ParOldGen       total 81408K, used 38885K [0x00000000a0000000, 0x00000000a4f80000, 0x00000000e0000000)
  object space 81408K, 47% used [0x00000000a0000000,0x00000000a25f9750,0x00000000a4f80000)
 Metaspace       used 65787K, capacity 72782K, committed 72960K, reserved 1112064K
  class space    used 9002K, capacity 9370K, committed 9472K, reserved 1048576K
Event: 53,723 GC heap after
Heap after GC invocations=19 (full 3):
 PSYoungGen      total 126976K, used 5216K [0x00000000e0000000, 0x00000000e8a80000, 0x0000000100000000)
  eden space 116224K, 0% used [0x00000000e0000000,0x00000000e0000000,0x00000000e7180000)
  from space 10752K, 48% used [0x00000000e8000000,0x00000000e8518000,0x00000000e8a80000)
  to   space 12800K, 0% used [0x00000000e7180000,0x00000000e7180000,0x00000000e7e00000)
 ParOldGen       total 81408K, used 38893K [0x00000000a0000000, 0x00000000a4f80000, 0x00000000e0000000)
  object space 81408K, 47% used [0x00000000a0000000,0x00000000a25fb750,0x00000000a4f80000)
 Metaspace       used 65787K, capacity 72782K, committed 72960K, reserved 1112064K
  class space    used 9002K, capacity 9370K, committed 9472K, reserved 1048576K
}
Event: 61,220 GC heap before
{Heap before GC invocations=20 (full 3):
 PSYoungGen      total 126976K, used 121440K [0x00000000e0000000, 0x00000000e8a80000, 0x0000000100000000)
  eden space 116224K, 100% used [0x00000000e0000000,0x00000000e7180000,0x00000000e7180000)
  from space 10752K, 48% used [0x00000000e8000000,0x00000000e8518000,0x00000000e8a80000)
  to   space 12800K, 0% used [0x00000000e7180000,0x00000000e7180000,0x00000000e7e00000)
 ParOldGen       total 81408K, used 38893K [0x00000000a0000000, 0x00000000a4f80000, 0x00000000e0000000)
  object space 81408K, 47% used [0x00000000a0000000,0x00000000a25fb750,0x00000000a4f80000)
 Metaspace       used 65921K, capacity 72910K, committed 73216K, reserved 1114112K
  class space    used 9002K, capacity 9370K, committed 9472K, reserved 1048576K

